{"/Users/jasonwong/Documents/code/interview-coding-challenges/tennis-scoring/src/Index.ts": {"path":"/Users/jasonwong/Documents/code/interview-coding-challenges/tennis-scoring/src/Index.ts","statementMap":{"0":{"start":{"line":1,"column":0},"end":{"line":1,"column":45}},"1":{"start":{"line":3,"column":25},"end":{"line":15,"column":1}},"2":{"start":{"line":5,"column":18},"end":{"line":5,"column":34}},"3":{"start":{"line":6,"column":4},"end":{"line":6,"column":29}},"4":{"start":{"line":7,"column":4},"end":{"line":7,"column":26}},"5":{"start":{"line":8,"column":4},"end":{"line":8,"column":26}},"6":{"start":{"line":9,"column":4},"end":{"line":9,"column":26}},"7":{"start":{"line":10,"column":4},"end":{"line":10,"column":26}},"8":{"start":{"line":11,"column":4},"end":{"line":11,"column":26}},"9":{"start":{"line":12,"column":4},"end":{"line":12,"column":26}},"10":{"start":{"line":13,"column":4},"end":{"line":13,"column":21}},"11":{"start":{"line":3,"column":13},"end":{"line":3,"column":25}},"12":{"start":{"line":17,"column":0},"end":{"line":20,"column":3}}},"fnMap":{"0":{"name":"(anonymous_0)","decl":{"start":{"line":3,"column":25},"end":{"line":3,"column":26}},"loc":{"start":{"line":3,"column":44},"end":{"line":15,"column":1}}}},"branchMap":{},"s":{"0":0,"1":0,"2":0,"3":0,"4":0,"5":0,"6":0,"7":0,"8":0,"9":0,"10":0,"11":0,"12":0},"f":{"0":0},"b":{}}
,"/Users/jasonwong/Documents/code/interview-coding-challenges/tennis-scoring/src/Match.ts": {"path":"/Users/jasonwong/Documents/code/interview-coding-challenges/tennis-scoring/src/Match.ts","statementMap":{"0":{"start":{"line":7,"column":0},"end":{"line":7,"column":null}},"1":{"start":{"line":16,"column":4},"end":{"line":16,"column":16}},"2":{"start":{"line":30,"column":11},"end":{"line":42,"column":null}},"3":{"start":{"line":31,"column":6},"end":{"line":41,"column":null}},"4":{"start":{"line":32,"column":8},"end":{"line":32,"column":31}},"5":{"start":{"line":33,"column":8},"end":{"line":33,"column":30}},"6":{"start":{"line":34,"column":8},"end":{"line":34,"column":30}},"7":{"start":{"line":35,"column":8},"end":{"line":35,"column":25}},"8":{"start":{"line":36,"column":8},"end":{"line":36,"column":null}},"9":{"start":{"line":37,"column":8},"end":{"line":37,"column":null}},"10":{"start":{"line":39,"column":8},"end":{"line":39,"column":null}},"11":{"start":{"line":40,"column":8},"end":{"line":40,"column":null}},"12":{"start":{"line":48,"column":11},"end":{"line":62,"column":null}},"13":{"start":{"line":49,"column":6},"end":{"line":60,"column":null}},"14":{"start":{"line":50,"column":8},"end":{"line":52,"column":null}},"15":{"start":{"line":51,"column":10},"end":{"line":51,"column":null}},"16":{"start":{"line":53,"column":8},"end":{"line":53,"column":null}},"17":{"start":{"line":54,"column":8},"end":{"line":54,"column":30}},"18":{"start":{"line":55,"column":8},"end":{"line":55,"column":null}},"19":{"start":{"line":56,"column":8},"end":{"line":56,"column":45}},"20":{"start":{"line":58,"column":8},"end":{"line":58,"column":null}},"21":{"start":{"line":59,"column":8},"end":{"line":59,"column":null}},"22":{"start":{"line":68,"column":11},"end":{"line":82,"column":null}},"23":{"start":{"line":69,"column":6},"end":{"line":80,"column":null}},"24":{"start":{"line":70,"column":8},"end":{"line":72,"column":null}},"25":{"start":{"line":71,"column":10},"end":{"line":71,"column":null}},"26":{"start":{"line":73,"column":8},"end":{"line":73,"column":null}},"27":{"start":{"line":74,"column":8},"end":{"line":74,"column":30}},"28":{"start":{"line":75,"column":8},"end":{"line":75,"column":null}},"29":{"start":{"line":76,"column":8},"end":{"line":76,"column":45}},"30":{"start":{"line":78,"column":8},"end":{"line":78,"column":null}},"31":{"start":{"line":79,"column":8},"end":{"line":79,"column":null}},"32":{"start":{"line":90,"column":12},"end":{"line":119,"column":null}},"33":{"start":{"line":91,"column":6},"end":{"line":117,"column":null}},"34":{"start":{"line":92,"column":27},"end":{"line":92,"column":44}},"35":{"start":{"line":93,"column":27},"end":{"line":93,"column":44}},"36":{"start":{"line":95,"column":8},"end":{"line":113,"column":null}},"37":{"start":{"line":96,"column":10},"end":{"line":112,"column":null}},"38":{"start":{"line":97,"column":12},"end":{"line":97,"column":31}},"39":{"start":{"line":98,"column":12},"end":{"line":98,"column":31}},"40":{"start":{"line":99,"column":12},"end":{"line":102,"column":null}},"41":{"start":{"line":100,"column":14},"end":{"line":100,"column":36}},"42":{"start":{"line":101,"column":14},"end":{"line":101,"column":36}},"43":{"start":{"line":103,"column":12},"end":{"line":103,"column":59}},"44":{"start":{"line":104,"column":17},"end":{"line":112,"column":null}},"45":{"start":{"line":105,"column":12},"end":{"line":105,"column":31}},"46":{"start":{"line":106,"column":12},"end":{"line":106,"column":31}},"47":{"start":{"line":107,"column":12},"end":{"line":110,"column":null}},"48":{"start":{"line":108,"column":14},"end":{"line":108,"column":36}},"49":{"start":{"line":109,"column":14},"end":{"line":109,"column":36}},"50":{"start":{"line":111,"column":12},"end":{"line":111,"column":59}},"51":{"start":{"line":115,"column":8},"end":{"line":115,"column":null}},"52":{"start":{"line":116,"column":8},"end":{"line":116,"column":null}},"53":{"start":{"line":125,"column":12},"end":{"line":149,"column":null}},"54":{"start":{"line":126,"column":6},"end":{"line":147,"column":null}},"55":{"start":{"line":127,"column":30},"end":{"line":127,"column":46}},"56":{"start":{"line":128,"column":30},"end":{"line":128,"column":46}},"57":{"start":{"line":129,"column":22},"end":{"line":129,"column":65}},"58":{"start":{"line":131,"column":8},"end":{"line":143,"column":null}},"59":{"start":{"line":132,"column":10},"end":{"line":142,"column":null}},"60":{"start":{"line":133,"column":12},"end":{"line":133,"column":48}},"61":{"start":{"line":134,"column":12},"end":{"line":134,"column":33}},"62":{"start":{"line":135,"column":12},"end":{"line":135,"column":null}},"63":{"start":{"line":136,"column":12},"end":{"line":136,"column":58}},"64":{"start":{"line":138,"column":12},"end":{"line":138,"column":48}},"65":{"start":{"line":139,"column":12},"end":{"line":139,"column":33}},"66":{"start":{"line":140,"column":12},"end":{"line":140,"column":null}},"67":{"start":{"line":141,"column":12},"end":{"line":141,"column":58}},"68":{"start":{"line":145,"column":8},"end":{"line":145,"column":null}},"69":{"start":{"line":146,"column":8},"end":{"line":146,"column":null}},"70":{"start":{"line":158,"column":12},"end":{"line":180,"column":null}},"71":{"start":{"line":159,"column":6},"end":{"line":178,"column":null}},"72":{"start":{"line":160,"column":8},"end":{"line":174,"column":null}},"73":{"start":{"line":161,"column":10},"end":{"line":161,"column":21}},"74":{"start":{"line":162,"column":15},"end":{"line":174,"column":null}},"75":{"start":{"line":163,"column":10},"end":{"line":163,"column":22}},"76":{"start":{"line":164,"column":15},"end":{"line":174,"column":null}},"77":{"start":{"line":165,"column":10},"end":{"line":165,"column":22}},"78":{"start":{"line":166,"column":15},"end":{"line":174,"column":null}},"79":{"start":{"line":167,"column":10},"end":{"line":167,"column":25}},"80":{"start":{"line":168,"column":15},"end":{"line":174,"column":null}},"81":{"start":{"line":168,"column":57},"end":{"line":168,"column":70}},"82":{"start":{"line":169,"column":10},"end":{"line":169,"column":22}},"83":{"start":{"line":170,"column":15},"end":{"line":174,"column":null}},"84":{"start":{"line":171,"column":10},"end":{"line":171,"column":23}},"85":{"start":{"line":172,"column":15},"end":{"line":174,"column":null}},"86":{"start":{"line":173,"column":10},"end":{"line":173,"column":24}},"87":{"start":{"line":176,"column":8},"end":{"line":176,"column":null}},"88":{"start":{"line":177,"column":8},"end":{"line":177,"column":null}},"89":{"start":{"line":187,"column":11},"end":{"line":200,"column":null}},"90":{"start":{"line":188,"column":6},"end":{"line":199,"column":null}},"91":{"start":{"line":189,"column":21},"end":{"line":189,"column":58}},"92":{"start":{"line":190,"column":8},"end":{"line":193,"column":null}},"93":{"start":{"line":191,"column":10},"end":{"line":191,"column":null}},"94":{"start":{"line":192,"column":10},"end":{"line":192,"column":null}},"95":{"start":{"line":194,"column":8},"end":{"line":194,"column":null}},"96":{"start":{"line":195,"column":8},"end":{"line":195,"column":null}},"97":{"start":{"line":197,"column":8},"end":{"line":197,"column":null}},"98":{"start":{"line":198,"column":8},"end":{"line":198,"column":null}},"99":{"start":{"line":207,"column":11},"end":{"line":209,"column":null}},"100":{"start":{"line":208,"column":6},"end":{"line":208,"column":27}},"101":{"start":{"line":215,"column":11},"end":{"line":217,"column":null}},"102":{"start":{"line":216,"column":6},"end":{"line":216,"column":25}},"103":{"start":{"line":223,"column":11},"end":{"line":225,"column":null}},"104":{"start":{"line":224,"column":6},"end":{"line":224,"column":28}},"105":{"start":{"line":17,"column":6},"end":{"line":17,"column":43}},"106":{"start":{"line":18,"column":6},"end":{"line":18,"column":43}},"107":{"start":{"line":19,"column":6},"end":{"line":19,"column":29}},"108":{"start":{"line":20,"column":6},"end":{"line":20,"column":28}},"109":{"start":{"line":21,"column":6},"end":{"line":21,"column":28}},"110":{"start":{"line":22,"column":6},"end":{"line":22,"column":23}},"111":{"start":{"line":231,"column":11},"end":{"line":233,"column":null}},"112":{"start":{"line":232,"column":6},"end":{"line":232,"column":27}},"113":{"start":{"line":235,"column":0},"end":{"line":235,"column":null}}},"fnMap":{"0":{"name":"(anonymous_0)","decl":{"start":{"line":7,"column":0},"end":{"line":7,"column":null}},"loc":{"start":{"line":7,"column":0},"end":{"line":235,"column":null}}},"1":{"name":"Match","decl":{"start":{"line":16,"column":4},"end":{"line":16,"column":16}},"loc":{"start":{"line":16,"column":34},"end":{"line":23,"column":5}}},"2":{"name":"(anonymous_2)","decl":{"start":{"line":30,"column":30},"end":{"line":30,"column":null}},"loc":{"start":{"line":30,"column":30},"end":{"line":42,"column":5}}},"3":{"name":"(anonymous_3)","decl":{"start":{"line":48,"column":27},"end":{"line":48,"column":null}},"loc":{"start":{"line":48,"column":27},"end":{"line":62,"column":5}}},"4":{"name":"(anonymous_4)","decl":{"start":{"line":68,"column":27},"end":{"line":68,"column":null}},"loc":{"start":{"line":68,"column":27},"end":{"line":82,"column":5}}},"5":{"name":"(anonymous_5)","decl":{"start":{"line":90,"column":29},"end":{"line":90,"column":null}},"loc":{"start":{"line":90,"column":29},"end":{"line":119,"column":5}}},"6":{"name":"(anonymous_6)","decl":{"start":{"line":125,"column":26},"end":{"line":125,"column":null}},"loc":{"start":{"line":125,"column":26},"end":{"line":149,"column":5}}},"7":{"name":"(anonymous_7)","decl":{"start":{"line":158,"column":33},"end":{"line":158,"column":34}},"loc":{"start":{"line":158,"column":65},"end":{"line":180,"column":5}}},"8":{"name":"(anonymous_8)","decl":{"start":{"line":168,"column":50},"end":{"line":168,"column":53}},"loc":{"start":{"line":168,"column":53},"end":{"line":168,"column":60}}},"9":{"name":"(anonymous_9)","decl":{"start":{"line":187,"column":22},"end":{"line":187,"column":null}},"loc":{"start":{"line":187,"column":22},"end":{"line":200,"column":5}}},"10":{"name":"(anonymous_10)","decl":{"start":{"line":207,"column":25},"end":{"line":207,"column":null}},"loc":{"start":{"line":207,"column":25},"end":{"line":209,"column":5}}},"11":{"name":"(anonymous_11)","decl":{"start":{"line":215,"column":23},"end":{"line":215,"column":null}},"loc":{"start":{"line":215,"column":23},"end":{"line":217,"column":5}}},"12":{"name":"(anonymous_12)","decl":{"start":{"line":223,"column":26},"end":{"line":223,"column":null}},"loc":{"start":{"line":223,"column":26},"end":{"line":225,"column":5}}},"13":{"name":"(anonymous_13)","decl":{"start":{"line":231,"column":4},"end":{"line":231,"column":11}},"loc":{"start":{"line":231,"column":4},"end":{"line":233,"column":5}}}},"branchMap":{"0":{"loc":{"start":{"line":50,"column":8},"end":{"line":52,"column":null}},"type":"if","locations":[{"start":{"line":50,"column":8},"end":{"line":52,"column":null}}]},"1":{"loc":{"start":{"line":70,"column":8},"end":{"line":72,"column":null}},"type":"if","locations":[{"start":{"line":70,"column":8},"end":{"line":72,"column":null}}]},"2":{"loc":{"start":{"line":95,"column":8},"end":{"line":113,"column":null}},"type":"if","locations":[{"start":{"line":95,"column":8},"end":{"line":113,"column":null}}]},"3":{"loc":{"start":{"line":95,"column":12},"end":{"line":95,"column":48}},"type":"binary-expr","locations":[{"start":{"line":95,"column":12},"end":{"line":95,"column":28}},{"start":{"line":95,"column":32},"end":{"line":95,"column":48}}]},"4":{"loc":{"start":{"line":96,"column":10},"end":{"line":112,"column":null}},"type":"if","locations":[{"start":{"line":96,"column":10},"end":{"line":112,"column":null}},{"start":{"line":104,"column":17},"end":{"line":112,"column":null}}]},"5":{"loc":{"start":{"line":99,"column":12},"end":{"line":102,"column":null}},"type":"if","locations":[{"start":{"line":99,"column":12},"end":{"line":102,"column":null}}]},"6":{"loc":{"start":{"line":104,"column":17},"end":{"line":112,"column":null}},"type":"if","locations":[{"start":{"line":104,"column":17},"end":{"line":112,"column":null}}]},"7":{"loc":{"start":{"line":107,"column":12},"end":{"line":110,"column":null}},"type":"if","locations":[{"start":{"line":107,"column":12},"end":{"line":110,"column":null}}]},"8":{"loc":{"start":{"line":131,"column":8},"end":{"line":143,"column":null}},"type":"if","locations":[{"start":{"line":131,"column":8},"end":{"line":143,"column":null}}]},"9":{"loc":{"start":{"line":131,"column":12},"end":{"line":131,"column":71}},"type":"binary-expr","locations":[{"start":{"line":131,"column":13},"end":{"line":131,"column":32}},{"start":{"line":131,"column":36},"end":{"line":131,"column":55}},{"start":{"line":131,"column":60},"end":{"line":131,"column":71}}]},"10":{"loc":{"start":{"line":132,"column":10},"end":{"line":142,"column":null}},"type":"if","locations":[{"start":{"line":132,"column":10},"end":{"line":142,"column":null}},{"start":{"line":137,"column":17},"end":{"line":142,"column":null}}]},"11":{"loc":{"start":{"line":160,"column":8},"end":{"line":174,"column":null}},"type":"if","locations":[{"start":{"line":160,"column":8},"end":{"line":174,"column":null}},{"start":{"line":162,"column":15},"end":{"line":174,"column":null}}]},"12":{"loc":{"start":{"line":162,"column":15},"end":{"line":174,"column":null}},"type":"if","locations":[{"start":{"line":162,"column":15},"end":{"line":174,"column":null}},{"start":{"line":164,"column":15},"end":{"line":174,"column":null}}]},"13":{"loc":{"start":{"line":164,"column":15},"end":{"line":174,"column":null}},"type":"if","locations":[{"start":{"line":164,"column":15},"end":{"line":174,"column":null}},{"start":{"line":166,"column":15},"end":{"line":174,"column":null}}]},"14":{"loc":{"start":{"line":166,"column":15},"end":{"line":174,"column":null}},"type":"if","locations":[{"start":{"line":166,"column":15},"end":{"line":174,"column":null}},{"start":{"line":168,"column":15},"end":{"line":174,"column":null}}]},"15":{"loc":{"start":{"line":166,"column":19},"end":{"line":166,"column":47}},"type":"binary-expr","locations":[{"start":{"line":166,"column":19},"end":{"line":166,"column":33}},{"start":{"line":166,"column":37},"end":{"line":166,"column":47}}]},"16":{"loc":{"start":{"line":168,"column":15},"end":{"line":174,"column":null}},"type":"if","locations":[{"start":{"line":168,"column":15},"end":{"line":174,"column":null}},{"start":{"line":170,"column":15},"end":{"line":174,"column":null}}]},"17":{"loc":{"start":{"line":168,"column":19},"end":{"line":168,"column":70}},"type":"binary-expr","locations":[{"start":{"line":168,"column":19},"end":{"line":168,"column":33}},{"start":{"line":168,"column":37},"end":{"line":168,"column":70}}]},"18":{"loc":{"start":{"line":170,"column":15},"end":{"line":174,"column":null}},"type":"if","locations":[{"start":{"line":170,"column":15},"end":{"line":174,"column":null}},{"start":{"line":172,"column":15},"end":{"line":174,"column":null}}]},"19":{"loc":{"start":{"line":170,"column":19},"end":{"line":170,"column":47}},"type":"binary-expr","locations":[{"start":{"line":170,"column":19},"end":{"line":170,"column":33}},{"start":{"line":170,"column":37},"end":{"line":170,"column":47}}]},"20":{"loc":{"start":{"line":172,"column":15},"end":{"line":174,"column":null}},"type":"if","locations":[{"start":{"line":172,"column":15},"end":{"line":174,"column":null}}]},"21":{"loc":{"start":{"line":172,"column":19},"end":{"line":172,"column":45}},"type":"binary-expr","locations":[{"start":{"line":172,"column":19},"end":{"line":172,"column":33}},{"start":{"line":172,"column":37},"end":{"line":172,"column":45}}]},"22":{"loc":{"start":{"line":190,"column":8},"end":{"line":193,"column":null}},"type":"if","locations":[{"start":{"line":190,"column":8},"end":{"line":193,"column":null}}]}},"s":{"0":1,"1":10,"2":10,"3":10,"4":10,"5":10,"6":10,"7":10,"8":10,"9":10,"10":0,"11":0,"12":10,"13":42,"14":42,"15":2,"16":40,"17":40,"18":40,"19":40,"20":0,"21":0,"22":10,"23":17,"24":17,"25":0,"26":17,"27":17,"28":17,"29":17,"30":0,"31":0,"32":10,"33":57,"34":57,"35":57,"36":57,"37":15,"38":7,"39":7,"40":7,"41":6,"42":6,"43":7,"44":8,"45":2,"46":2,"47":2,"48":2,"49":2,"50":2,"51":0,"52":0,"53":10,"54":9,"55":9,"56":9,"57":9,"58":9,"59":1,"60":1,"61":1,"62":1,"63":1,"64":0,"65":0,"66":0,"67":0,"68":0,"69":0,"70":10,"71":24,"72":24,"73":12,"74":12,"75":0,"76":12,"77":2,"78":10,"79":4,"80":6,"81":10,"82":2,"83":4,"84":2,"85":2,"86":2,"87":0,"88":0,"89":10,"90":6,"91":6,"92":6,"93":1,"94":1,"95":5,"96":5,"97":0,"98":0,"99":10,"100":2,"101":10,"102":1,"103":10,"104":6,"105":10,"106":10,"107":10,"108":10,"109":10,"110":10,"111":1,"112":0,"113":1},"f":{"0":1,"1":10,"2":10,"3":42,"4":17,"5":57,"6":9,"7":24,"8":10,"9":6,"10":2,"11":1,"12":6,"13":0},"b":{"0":[2],"1":[0],"2":[15],"3":[57,43],"4":[7,8],"5":[6],"6":[2],"7":[2],"8":[1],"9":[9,8,1],"10":[1,0],"11":[12,12],"12":[0,12],"13":[2,10],"14":[4,6],"15":[10,10],"16":[2,4],"17":[6,6],"18":[2,2],"19":[4,4],"20":[2],"21":[2,2],"22":[1]}}
}
