TN:
SF:src/Index.ts
FN:3,(anonymous_0)
FNF:1
FNH:0
FNDA:0,(anonymous_0)
DA:1,0
DA:3,0
DA:5,0
DA:6,0
DA:7,0
DA:8,0
DA:9,0
DA:10,0
DA:11,0
DA:12,0
DA:13,0
DA:17,0
LF:12
LH:0
BRF:0
BRH:0
end_of_record
TN:
SF:src/Match.ts
FN:7,(anonymous_0)
FN:16,Match
FN:30,(anonymous_2)
FN:48,(anonymous_3)
FN:68,(anonymous_4)
FN:90,(anonymous_5)
FN:125,(anonymous_6)
FN:158,(anonymous_7)
FN:168,(anonymous_8)
FN:187,(anonymous_9)
FN:207,(anonymous_10)
FN:215,(anonymous_11)
FN:223,(anonymous_12)
FN:231,(anonymous_13)
FNF:14
FNH:13
FNDA:1,(anonymous_0)
FNDA:10,Match
FNDA:10,(anonymous_2)
FNDA:42,(anonymous_3)
FNDA:17,(anonymous_4)
FNDA:57,(anonymous_5)
FNDA:9,(anonymous_6)
FNDA:24,(anonymous_7)
FNDA:10,(anonymous_8)
FNDA:6,(anonymous_9)
FNDA:2,(anonymous_10)
FNDA:1,(anonymous_11)
FNDA:6,(anonymous_12)
FNDA:0,(anonymous_13)
DA:7,1
DA:16,10
DA:17,10
DA:18,10
DA:19,10
DA:20,10
DA:21,10
DA:22,10
DA:30,10
DA:31,10
DA:32,10
DA:33,10
DA:34,10
DA:35,10
DA:36,10
DA:37,10
DA:39,0
DA:40,0
DA:48,10
DA:49,42
DA:50,42
DA:51,2
DA:53,40
DA:54,40
DA:55,40
DA:56,40
DA:58,0
DA:59,0
DA:68,10
DA:69,17
DA:70,17
DA:71,0
DA:73,17
DA:74,17
DA:75,17
DA:76,17
DA:78,0
DA:79,0
DA:90,10
DA:91,57
DA:92,57
DA:93,57
DA:95,57
DA:96,15
DA:97,7
DA:98,7
DA:99,7
DA:100,6
DA:101,6
DA:103,7
DA:104,8
DA:105,2
DA:106,2
DA:107,2
DA:108,2
DA:109,2
DA:111,2
DA:115,0
DA:116,0
DA:125,10
DA:126,9
DA:127,9
DA:128,9
DA:129,9
DA:131,9
DA:132,1
DA:133,1
DA:134,1
DA:135,1
DA:136,1
DA:138,0
DA:139,0
DA:140,0
DA:141,0
DA:145,0
DA:146,0
DA:158,10
DA:159,24
DA:160,24
DA:161,12
DA:162,12
DA:163,0
DA:164,12
DA:165,2
DA:166,10
DA:167,4
DA:168,10
DA:169,2
DA:170,4
DA:171,2
DA:172,2
DA:173,2
DA:176,0
DA:177,0
DA:187,10
DA:188,6
DA:189,6
DA:190,6
DA:191,1
DA:192,1
DA:194,5
DA:195,5
DA:197,0
DA:198,0
DA:207,10
DA:208,2
DA:215,10
DA:216,1
DA:223,10
DA:224,6
DA:231,1
DA:232,0
DA:235,1
LF:113
LH:92
BRDA:50,0,0,2
BRDA:70,1,0,0
BRDA:95,2,0,15
BRDA:95,3,0,57
BRDA:95,3,1,43
BRDA:96,4,0,7
BRDA:96,4,1,8
BRDA:99,5,0,6
BRDA:104,6,0,2
BRDA:107,7,0,2
BRDA:131,8,0,1
BRDA:131,9,0,9
BRDA:131,9,1,8
BRDA:131,9,2,1
BRDA:132,10,0,1
BRDA:132,10,1,0
BRDA:160,11,0,12
BRDA:160,11,1,12
BRDA:162,12,0,0
BRDA:162,12,1,12
BRDA:164,13,0,2
BRDA:164,13,1,10
BRDA:166,14,0,4
BRDA:166,14,1,6
BRDA:166,15,0,10
BRDA:166,15,1,10
BRDA:168,16,0,2
BRDA:168,16,1,4
BRDA:168,17,0,6
BRDA:168,17,1,6
BRDA:170,18,0,2
BRDA:170,18,1,2
BRDA:170,19,0,4
BRDA:170,19,1,4
BRDA:172,20,0,2
BRDA:172,21,0,2
BRDA:172,21,1,2
BRDA:190,22,0,1
BRF:38
BRH:35
end_of_record
